                                      1 ;--------------------------------------------------------
                                      2 ; File Created by SDCC : free open source ISO C Compiler 
                                      3 ; Version 4.2.10 #13778 (MINGW64)
                                      4 ;--------------------------------------------------------
                                      5 	.module stm8s_blink_key_tli_irq_main
                                      6 	.optsdcc -mstm8
                                      7 	
                                      8 ;--------------------------------------------------------
                                      9 ; Public variables in this module
                                     10 ;--------------------------------------------------------
                                     11 	.globl _main
                                     12 	.globl _TLI_IRQHandler
                                     13 ;--------------------------------------------------------
                                     14 ; ram data
                                     15 ;--------------------------------------------------------
                                     16 	.area DATA
                                     17 ;--------------------------------------------------------
                                     18 ; ram data
                                     19 ;--------------------------------------------------------
                                     20 	.area INITIALIZED
                                     21 ;--------------------------------------------------------
                                     22 ; Stack segment in internal ram
                                     23 ;--------------------------------------------------------
                                     24 	.area SSEG
      000000                         25 __start__stack:
      000000                         26 	.ds	1
                                     27 
                                     28 ;--------------------------------------------------------
                                     29 ; absolute external ram data
                                     30 ;--------------------------------------------------------
                                     31 	.area DABS (ABS)
                                     32 
                                     33 ; default segment ordering for linker
                                     34 	.area HOME
                                     35 	.area GSINIT
                                     36 	.area GSFINAL
                                     37 	.area CONST
                                     38 	.area INITIALIZER
                                     39 	.area CODE
                                     40 
                                     41 ;--------------------------------------------------------
                                     42 ; interrupt vector
                                     43 ;--------------------------------------------------------
                                     44 	.area HOME
      000000                         45 __interrupt_vect:
      000000 82v00u00u00             46 	int s_GSINIT ; reset
      000004 82 00 00 00             47 	int 0x000000 ; trap
      000008 82v00u00u00             48 	int _TLI_IRQHandler ; int0
                                     49 ;--------------------------------------------------------
                                     50 ; global & static initialisations
                                     51 ;--------------------------------------------------------
                                     52 	.area HOME
                                     53 	.area GSINIT
                                     54 	.area GSFINAL
                                     55 	.area GSINIT
      000000 CDr00r00         [ 4]   56 	call	___sdcc_external_startup
      000003                         57 __sdcc_init_data:
                                     58 ; stm8_genXINIT() start
      000003 AEr00r00         [ 2]   59 	ldw x, #l_DATA
      000006 27 07            [ 1]   60 	jreq	00002$
      000008                         61 00001$:
      000008 72 4FuFFuFF      [ 1]   62 	clr (s_DATA - 1, x)
      00000C 5A               [ 2]   63 	decw x
      00000D 26 F9            [ 1]   64 	jrne	00001$
      00000F                         65 00002$:
      00000F AEr00r00         [ 2]   66 	ldw	x, #l_INITIALIZER
      000012 27 09            [ 1]   67 	jreq	00004$
      000014                         68 00003$:
      000014 D6uFFuFF         [ 1]   69 	ld	a, (s_INITIALIZER - 1, x)
      000017 D7uFFuFF         [ 1]   70 	ld	(s_INITIALIZED - 1, x), a
      00001A 5A               [ 2]   71 	decw	x
      00001B 26 F7            [ 1]   72 	jrne	00003$
      00001D                         73 00004$:
                                     74 ; stm8_genXINIT() end
                                     75 	.area GSFINAL
      000000 CCr00r0C         [ 2]   76 	jp	__sdcc_program_startup
                                     77 ;--------------------------------------------------------
                                     78 ; Home
                                     79 ;--------------------------------------------------------
                                     80 	.area HOME
                                     81 	.area HOME
      00000C                         82 __sdcc_program_startup:
      00000C CCr00r09         [ 2]   83 	jp	_main
                                     84 ;	return from main will return to caller
                                     85 ;--------------------------------------------------------
                                     86 ; code
                                     87 ;--------------------------------------------------------
                                     88 	.area CODE
                                     89 ;	stm8s_blink_key_tli_irq_main.c: 70: void TLI_IRQHandler(void) __interrupt(0)
                                     90 ;	-----------------------------------------
                                     91 ;	 function TLI_IRQHandler
                                     92 ;	-----------------------------------------
      000000                         93 _TLI_IRQHandler:
                                     94 ;	stm8s_blink_key_tli_irq_main.c: 76: UCOM_LED1_GPIO->ODR ^= (uint8_t)UCOM_LED1_PIN;
      000000 90 10 50 0F      [ 1]   95 	bcpl	0x500f, #0
                                     96 ;	stm8s_blink_key_tli_irq_main.c: 77: UCOM_KEY_TLI_GPIO->CR2 &= (uint8_t)(~(UCOM_KEY_TLI_PIN)); /* External interrupt disable */
      000004 72 1F 50 13      [ 1]   97 	bres	0x5013, #7
                                     98 ;	stm8s_blink_key_tli_irq_main.c: 79: }
      000008 80               [11]   99 	iret
                                    100 ;	stm8s_blink_key_tli_irq_main.c: 93: void main(void)
                                    101 ;	-----------------------------------------
                                    102 ;	 function main
                                    103 ;	-----------------------------------------
      000009                        104 _main:
                                    105 ;	stm8s_blink_key_tli_irq_main.c: 99: CLK->CKDIVR &= (uint8_t)(~CLK_CKDIVR_HSIDIV);    
      000009 C6 50 C6         [ 1]  106 	ld	a, 0x50c6
      00000C A4 E7            [ 1]  107 	and	a, #0xe7
      00000E C7 50 C6         [ 1]  108 	ld	0x50c6, a
                                    109 ;	stm8s_blink_key_tli_irq_main.c: 101: CLK->CKDIVR |= (uint8_t)CLK_PRESCALER_HSIDIV1;
      000011 55 50 C6 50 C6   [ 1]  110 	mov	0x50c6, 0x50c6
                                    111 ;	stm8s_blink_key_tli_irq_main.c: 109: EXTI->CR2 &= (uint8_t)~(0x04); /* TLI : PD7 */
      000016 72 15 50 A1      [ 1]  112 	bres	0x50a1, #2
                                    113 ;	stm8s_blink_key_tli_irq_main.c: 110: EXTI->CR2 |= (vbData); /* TLI */
      00001A 55 50 A1 50 A1   [ 1]  114 	mov	0x50a1, 0x50a1
                                    115 ;	stm8s_blink_key_tli_irq_main.c: 118: UCOM_LED1_GPIO->ODR &= (uint8_t)(~(UCOM_LED1_PIN)); /* Output mode  Low level */
      00001F 72 11 50 0F      [ 1]  116 	bres	0x500f, #0
                                    117 ;	stm8s_blink_key_tli_irq_main.c: 119: UCOM_LED1_GPIO->DDR |= (uint8_t)UCOM_LED1_PIN; /* Set Output mode */
      000023 72 10 50 11      [ 1]  118 	bset	0x5011, #0
                                    119 ;	stm8s_blink_key_tli_irq_main.c: 120: UCOM_LED1_GPIO->CR1 |= (uint8_t)UCOM_LED1_PIN; /* Push-Pull */
      000027 72 10 50 12      [ 1]  120 	bset	0x5012, #0
                                    121 ;	stm8s_blink_key_tli_irq_main.c: 122: UCOM_LED1_GPIO->CR2 |= (uint8_t)UCOM_LED1_PIN; /* 10MHz */
      00002B 72 10 50 13      [ 1]  122 	bset	0x5013, #0
                                    123 ;	stm8s_blink_key_tli_irq_main.c: 128: UCOM_KEY_TLI_GPIO->DDR &= (uint8_t)(~(UCOM_KEY_TLI_PIN)); /* Set Input mode */
      00002F 72 1F 50 11      [ 1]  124 	bres	0x5011, #7
                                    125 ;	stm8s_blink_key_tli_irq_main.c: 129: UCOM_KEY_TLI_GPIO->CR1 |= (uint8_t)UCOM_KEY_TLI_PIN; /* Pull-up */
      000033 72 1E 50 12      [ 1]  126 	bset	0x5012, #7
                                    127 ;	stm8s_blink_key_tli_irq_main.c: 132: UCOM_KEY_TLI_GPIO->CR2 &= (uint8_t)(~(UCOM_KEY_TLI_PIN)); /* External interrupt disable */
      000037 72 1F 50 13      [ 1]  128 	bres	0x5013, #7
                                    129 ;	stm8s_blink_key_tli_irq_main.c: 135: UCOM_LED1_GPIO->ODR = UCOM_LED1_GPIO->ODR & ~UCOM_LED1_PIN; // led on...
      00003B 72 11 50 0F      [ 1]  130 	bres	0x500f, #0
                                    131 ;	stm8s_blink_key_tli_irq_main.c: 143: uint32_t vwDelay = 0;
      00003F 5F               [ 1]  132 	clrw	x
      000040 90 5F            [ 1]  133 	clrw	y
                                    134 ;	stm8s_blink_key_tli_irq_main.c: 144: do {
      000042                        135 00103$:
                                    136 ;	stm8s_blink_key_tli_irq_main.c: 145: if(vwDelay==0) 
      000042 5D               [ 2]  137 	tnzw	x
      000043 26 11            [ 1]  138 	jrne	00102$
      000045 90 5D            [ 2]  139 	tnzw	y
      000047 26 0D            [ 1]  140 	jrne	00102$
                                    141 ;	stm8s_blink_key_tli_irq_main.c: 147: vwDelay = 0x20000*5*20; // 10sec..
      000049 5F               [ 1]  142 	clrw	x
      00004A 90 AE 00 C8      [ 2]  143 	ldw	y, #0x00c8
                                    144 ;	stm8s_blink_key_tli_irq_main.c: 149: UCOM_LED1_GPIO->ODR ^= (uint8_t)UCOM_LED1_PIN;
      00004E 90 10 50 0F      [ 1]  145 	bcpl	0x500f, #0
                                    146 ;	stm8s_blink_key_tli_irq_main.c: 150: UCOM_KEY_TLI_GPIO->CR2 |= (uint8_t)UCOM_KEY_TLI_PIN; /* External interrupt enable */
      000052 72 1E 50 13      [ 1]  147 	bset	0x5013, #7
      000056                        148 00102$:
                                    149 ;	stm8s_blink_key_tli_irq_main.c: 152: vwDelay--;
      000056 1D 00 01         [ 2]  150 	subw	x, #0x0001
      000059 24 E7            [ 1]  151 	jrnc	00103$
      00005B 90 5A            [ 2]  152 	decw	y
                                    153 ;	stm8s_blink_key_tli_irq_main.c: 153: } while(1);
      00005D 20 E3            [ 2]  154 	jra	00103$
                                    155 ;	stm8s_blink_key_tli_irq_main.c: 180: }
      00005F 81               [ 4]  156 	ret
                                    157 	.area CODE
                                    158 	.area CONST
                                    159 	.area INITIALIZER
                                    160 	.area CABS (ABS)
