                                      1 ;--------------------------------------------------------
                                      2 ; File Created by SDCC : free open source ISO C Compiler 
                                      3 ; Version 4.2.10 #13778 (MINGW64)
                                      4 ;--------------------------------------------------------
                                      5 	.module stm8s_mib_iwdg
                                      6 	.optsdcc -mstm8
                                      7 	
                                      8 ;--------------------------------------------------------
                                      9 ; Public variables in this module
                                     10 ;--------------------------------------------------------
                                     11 	.globl _mib_printf
                                     12 	.globl _gwTableDataIWDG
                                     13 	.globl _calConfigIWDG
                                     14 ;--------------------------------------------------------
                                     15 ; ram data
                                     16 ;--------------------------------------------------------
                                     17 	.area DATA
                                     18 ;--------------------------------------------------------
                                     19 ; ram data
                                     20 ;--------------------------------------------------------
                                     21 	.area INITIALIZED
      000000                         22 _gwTableDataIWDG::
      000000                         23 	.ds 16
                                     24 ;--------------------------------------------------------
                                     25 ; absolute external ram data
                                     26 ;--------------------------------------------------------
                                     27 	.area DABS (ABS)
                                     28 
                                     29 ; default segment ordering for linker
                                     30 	.area HOME
                                     31 	.area GSINIT
                                     32 	.area GSFINAL
                                     33 	.area CONST
                                     34 	.area INITIALIZER
                                     35 	.area CODE
                                     36 
                                     37 ;--------------------------------------------------------
                                     38 ; global & static initialisations
                                     39 ;--------------------------------------------------------
                                     40 	.area HOME
                                     41 	.area GSINIT
                                     42 	.area GSFINAL
                                     43 	.area GSINIT
                                     44 ;--------------------------------------------------------
                                     45 ; Home
                                     46 ;--------------------------------------------------------
                                     47 	.area HOME
                                     48 	.area HOME
                                     49 ;--------------------------------------------------------
                                     50 ; code
                                     51 ;--------------------------------------------------------
                                     52 	.area CODE
                                     53 ;	./../../mib/stm8s_mib_iwdg.c: 40: void calConfigIWDG(uint16_t vwDelay) // msec... 
                                     54 ;	-----------------------------------------
                                     55 ;	 function calConfigIWDG
                                     56 ;	-----------------------------------------
      000000                         57 _calConfigIWDG:
      000000 52 0B            [ 2]   58 	sub	sp, #11
                                     59 ;	./../../mib/stm8s_mib_iwdg.c: 42: uint32_t vdwData = vwDelay;
      000002 1F 09            [ 2]   60 	ldw	(0x09, sp), x
      000004 1F 04            [ 2]   61 	ldw	(0x04, sp), x
      000006 5F               [ 1]   62 	clrw	x
      000007 1F 02            [ 2]   63 	ldw	(0x02, sp), x
                                     64 ;	./../../mib/stm8s_mib_iwdg.c: 46: for(vbIndex=0;;vbIndex++)
      000009 0F 06            [ 1]   65 	clr	(0x06, sp)
      00000B 0F 0B            [ 1]   66 	clr	(0x0b, sp)
      00000D                         67 00110$:
                                     68 ;	./../../mib/stm8s_mib_iwdg.c: 48: if(gwTableDataIWDG[vbIndex]==0)
      00000D 7B 0B            [ 1]   69 	ld	a, (0x0b, sp)
      00000F 5F               [ 1]   70 	clrw	x
      000010 97               [ 1]   71 	ld	xl, a
      000011 58               [ 2]   72 	sllw	x
      000012 DEu00u00         [ 2]   73 	ldw	x, (_gwTableDataIWDG+0, x)
      000015 1F 07            [ 2]   74 	ldw	(0x07, sp), x
      000017 26 07            [ 1]   75 	jrne	00104$
                                     76 ;	./../../mib/stm8s_mib_iwdg.c: 51: vbPRBIT = vbIndex - 1;
      000019 7B 06            [ 1]   77 	ld	a, (0x06, sp)
      00001B 4A               [ 1]   78 	dec	a
      00001C 6B 0B            [ 1]   79 	ld	(0x0b, sp), a
                                     80 ;	./../../mib/stm8s_mib_iwdg.c: 52: break;
      00001E 20 14            [ 2]   81 	jra	00106$
      000020                         82 00104$:
                                     83 ;	./../../mib/stm8s_mib_iwdg.c: 54: else if(vwDelay <= gwTableDataIWDG[vbIndex])
      000020 1E 09            [ 2]   84 	ldw	x, (0x09, sp)
      000022 13 07            [ 2]   85 	cpw	x, (0x07, sp)
      000024 22 06            [ 1]   86 	jrugt	00111$
                                     87 ;	./../../mib/stm8s_mib_iwdg.c: 56: vbPRBIT = vbIndex;
      000026 7B 06            [ 1]   88 	ld	a, (0x06, sp)
      000028 6B 0B            [ 1]   89 	ld	(0x0b, sp), a
                                     90 ;	./../../mib/stm8s_mib_iwdg.c: 57: break;
      00002A 20 08            [ 2]   91 	jra	00106$
      00002C                         92 00111$:
                                     93 ;	./../../mib/stm8s_mib_iwdg.c: 46: for(vbIndex=0;;vbIndex++)
      00002C 0C 0B            [ 1]   94 	inc	(0x0b, sp)
      00002E 7B 0B            [ 1]   95 	ld	a, (0x0b, sp)
      000030 6B 06            [ 1]   96 	ld	(0x06, sp), a
      000032 20 D9            [ 2]   97 	jra	00110$
      000034                         98 00106$:
                                     99 ;	./../../mib/stm8s_mib_iwdg.c: 61: vdwData = (vdwData * 128) / 2;
      000034 1E 04            [ 2]  100 	ldw	x, (0x04, sp)
      000036 16 02            [ 2]  101 	ldw	y, (0x02, sp)
      000038 A6 07            [ 1]  102 	ld	a, #0x07
      00003A                        103 00136$:
      00003A 58               [ 2]  104 	sllw	x
      00003B 90 59            [ 2]  105 	rlcw	y
      00003D 4A               [ 1]  106 	dec	a
      00003E 26 FA            [ 1]  107 	jrne	00136$
      000040 90 54            [ 2]  108 	srlw	y
      000042 56               [ 2]  109 	rrcw	x
      000043 1F 03            [ 2]  110 	ldw	(0x03, sp), x
                                    111 ;	./../../mib/stm8s_mib_iwdg.c: 62: vdwData = vdwData / (1<<(vbPRBIT+2));
      000045 7B 0B            [ 1]  112 	ld	a, (0x0b, sp)
      000047 AB 02            [ 1]  113 	add	a, #0x02
      000049 5F               [ 1]  114 	clrw	x
      00004A 5C               [ 1]  115 	incw	x
      00004B 4D               [ 1]  116 	tnz	a
      00004C 27 04            [ 1]  117 	jreq	00139$
      00004E                        118 00138$:
      00004E 58               [ 2]  119 	sllw	x
      00004F 4A               [ 1]  120 	dec	a
      000050 26 FC            [ 1]  121 	jrne	00138$
      000052                        122 00139$:
      000052 9E               [ 1]  123 	ld	a, xh
      000053 49               [ 1]  124 	rlc	a
      000054 4F               [ 1]  125 	clr	a
      000055 A2 00            [ 1]  126 	sbc	a, #0x00
      000057 6B 06            [ 1]  127 	ld	(0x06, sp), a
      000059 6B 05            [ 1]  128 	ld	(0x05, sp), a
      00005B 89               [ 2]  129 	pushw	x
      00005C 1E 07            [ 2]  130 	ldw	x, (0x07, sp)
      00005E 89               [ 2]  131 	pushw	x
      00005F 1E 07            [ 2]  132 	ldw	x, (0x07, sp)
      000061 89               [ 2]  133 	pushw	x
      000062 90 89            [ 2]  134 	pushw	y
      000064 CDr00r00         [ 4]  135 	call	__divulong
      000067 5B 08            [ 2]  136 	addw	sp, #8
      000069 1F 03            [ 2]  137 	ldw	(0x03, sp), x
      00006B 17 01            [ 2]  138 	ldw	(0x01, sp), y
                                    139 ;	./../../mib/stm8s_mib_iwdg.c: 63: if(vdwData > 255)
      00006D AE 00 FF         [ 2]  140 	ldw	x, #0x00ff
      000070 13 03            [ 2]  141 	cpw	x, (0x03, sp)
      000072 4F               [ 1]  142 	clr	a
      000073 12 02            [ 1]  143 	sbc	a, (0x02, sp)
      000075 4F               [ 1]  144 	clr	a
      000076 12 01            [ 1]  145 	sbc	a, (0x01, sp)
      000078 24 06            [ 1]  146 	jrnc	00108$
                                    147 ;	./../../mib/stm8s_mib_iwdg.c: 65: vbRLRBIT = 0xff;
      00007A A6 FF            [ 1]  148 	ld	a, #0xff
      00007C 6B 06            [ 1]  149 	ld	(0x06, sp), a
      00007E 20 04            [ 2]  150 	jra	00109$
      000080                        151 00108$:
                                    152 ;	./../../mib/stm8s_mib_iwdg.c: 69: vbRLRBIT = (uint8_t)(vdwData&0xff);
      000080 7B 04            [ 1]  153 	ld	a, (0x04, sp)
      000082 6B 06            [ 1]  154 	ld	(0x06, sp), a
      000084                        155 00109$:
                                    156 ;	./../../mib/stm8s_mib_iwdg.c: 71: ccprintf(_DEBUG_IWDG_A_, ("calConfigIWDG...vbPRBIT[%u]/vbRLRBIT[%u]\r\n",vbPRBIT,vbRLRBIT));		
      000084 5F               [ 1]  157 	clrw	x
      000085 7B 06            [ 1]  158 	ld	a, (0x06, sp)
      000087 97               [ 1]  159 	ld	xl, a
      000088 7B 0B            [ 1]  160 	ld	a, (0x0b, sp)
      00008A 0F 07            [ 1]  161 	clr	(0x07, sp)
      00008C 89               [ 2]  162 	pushw	x
      00008D 88               [ 1]  163 	push	a
      00008E 7B 0A            [ 1]  164 	ld	a, (0x0a, sp)
      000090 88               [ 1]  165 	push	a
      000091 4Br00            [ 1]  166 	push	#<(__str_0+0)
      000093 4Bs00            [ 1]  167 	push	#((__str_0+0) >> 8)
      000095 CDr00r00         [ 4]  168 	call	_mib_printf
      000098 5B 06            [ 2]  169 	addw	sp, #6
                                    170 ;	./../../mib/stm8s_mib_iwdg.c: 72: MibWriteDebugEmptyCheck();
      00009A CDr00r00         [ 4]  171 	call	_MibWriteDebugEmptyCheck
                                    172 ;	./../../mib/stm8s_mib_iwdg.c: 73: IWDG->KR = 0xCC; // KEY_START , enable...
      00009D 35 CC 50 E0      [ 1]  173 	mov	0x50e0+0, #0xcc
                                    174 ;	./../../mib/stm8s_mib_iwdg.c: 74: IWDG->KR = 0x55; // KEY_ACCESS
      0000A1 35 55 50 E0      [ 1]  175 	mov	0x50e0+0, #0x55
                                    176 ;	./../../mib/stm8s_mib_iwdg.c: 75: IWDG->PR = (uint8_t)vbPRBIT; 
      0000A5 AE 50 E1         [ 2]  177 	ldw	x, #0x50e1
      0000A8 7B 0B            [ 1]  178 	ld	a, (0x0b, sp)
      0000AA F7               [ 1]  179 	ld	(x), a
                                    180 ;	./../../mib/stm8s_mib_iwdg.c: 76: IWDG->RLR = vbRLRBIT;
      0000AB AE 50 E2         [ 2]  181 	ldw	x, #0x50e2
      0000AE 7B 06            [ 1]  182 	ld	a, (0x06, sp)
      0000B0 F7               [ 1]  183 	ld	(x), a
                                    184 ;	./../../mib/stm8s_mib_iwdg.c: 77: IWDG->KR = 0xAA; // KEY_REFRESH
      0000B1 35 AA 50 E0      [ 1]  185 	mov	0x50e0+0, #0xaa
                                    186 ;	./../../mib/stm8s_mib_iwdg.c: 79: }
      0000B5 5B 0B            [ 2]  187 	addw	sp, #11
      0000B7 81               [ 4]  188 	ret
                                    189 	.area CODE
                                    190 	.area CONST
                                    191 	.area CONST
      000000                        192 __str_0:
      000000 63 61 6C 43 6F 6E 66   193 	.ascii "calConfigIWDG...vbPRBIT[%u]/vbRLRBIT[%u]"
             69 67 49 57 44 47 2E
             2E 2E 76 62 50 52 42
             49 54 5B 25 75 5D 2F
             76 62 52 4C 52 42 49
             54 5B 25 75 5D
      000028 0D                     194 	.db 0x0d
      000029 0A                     195 	.db 0x0a
      00002A 00                     196 	.db 0x00
                                    197 	.area CODE
                                    198 	.area INITIALIZER
      000000                        199 __xinit__gwTableDataIWDG:
      000000 00 0F                  200 	.dw #0x000f
      000002 00 1F                  201 	.dw #0x001f
      000004 00 3F                  202 	.dw #0x003f
      000006 00 7F                  203 	.dw #0x007f
      000008 00 FF                  204 	.dw #0x00ff
      00000A 01 FE                  205 	.dw #0x01fe
      00000C 03 E8                  206 	.dw #0x03e8
      00000E 00 00                  207 	.dw #0x0000
                                    208 	.area CABS (ABS)
